  复制了 3 个文件
  auxiliar.c
  buffer.c
  except.c
  inet.c
  io.c
  luasocket.c
  luasocket_scripts.c
  mime.c
  options.c
  select.c
  tcp.c
  timeout.c
  udp.c
  wsocket.c
  compat-5.2.c
  des56.c
  ldes56.c
  md5.c
  md5lib.c
..\..\..\..\external\lua\luasocket\inet.c(144): warning C4996: 'inet_ntoa': Use inet_ntop() or InetNtop() instead or define _WINSOCK_DEPRECATED_NO_WARNINGS to disable deprecated API warnings
  C:\Program Files (x86)\Windows Kits\8.1\Include\um\winsock2.h(1868): note: see declaration of 'inet_ntoa'
..\..\..\..\external\lua\luasocket\udp.c(181): warning C4133: 'function': incompatible types - from 'WCHAR *' to 'const char *'
..\..\..\..\external\lua\luasocket\options.c(210): warning C4996: 'inet_ntoa': Use inet_ntop() or InetNtop() instead or define _WINSOCK_DEPRECATED_NO_WARNINGS to disable deprecated API warnings
  C:\Program Files (x86)\Windows Kits\8.1\Include\um\winsock2.h(1868): note: see declaration of 'inet_ntoa'
..\..\..\..\external\lua\luasocket\wsocket.c(316): warning C4996: 'gethostbyaddr': Use getnameinfo() or GetNameInfoW() instead or define _WINSOCK_DEPRECATED_NO_WARNINGS to disable deprecated API warnings
..\..\..\..\external\lua\luasocket\inet.c(254): warning C4133: 'function': incompatible types - from 'WCHAR *' to 'const char *'
  C:\Program Files (x86)\Windows Kits\8.1\Include\um\winsock2.h(2216): note: see declaration of 'gethostbyaddr'
..\..\..\..\external\lua\luasocket\wsocket.c(322): warning C4996: 'gethostbyname': Use getaddrinfo() or GetAddrInfoW() instead or define _WINSOCK_DEPRECATED_NO_WARNINGS to disable deprecated API warnings
  C:\Program Files (x86)\Windows Kits\8.1\Include\um\winsock2.h(2238): note: see declaration of 'gethostbyname'
..\..\..\..\external\lua\luasocket\inet.c(288): warning C4133: 'function': incompatible types - from 'WCHAR *' to 'const char *'
..\..\..\..\external\lua\luasocket\udp.c(251): warning C4133: 'function': incompatible types - from 'WCHAR *' to 'const char *'
..\..\..\..\external\lua\luasocket\inet.c(338): warning C4996: 'inet_ntoa': Use inet_ntop() or InetNtop() instead or define _WINSOCK_DEPRECATED_NO_WARNINGS to disable deprecated API warnings
..\..\..\..\external\lua\luasocket\wsocket.c(431): warning C4133: 'return': incompatible types - from 'WCHAR *' to 'const char *'
  C:\Program Files (x86)\Windows Kits\8.1\Include\um\winsock2.h(1868): note: see declaration of 'inet_ntoa'
  tolua_event.c
  tolua_is.c
  tolua_map.c
  tolua_push.c
  tolua_to.c
  lua_extensions.c
  xxtea.cpp
  lua_cocos2dx_3d_auto.cpp
  lua_cocos2dx_audioengine_auto.cpp
  lua_cocos2dx_auto.cpp
  lua_cocos2dx_cocosbuilder_auto.cpp
  lua_cocos2dx_cocosdenshion_auto.cpp
  lua_cocos2dx_csloader_auto.cpp
  lua_cocos2dx_experimental_auto.cpp
  lua_cocos2dx_experimental_video_auto.cpp
  lua_cocos2dx_experimental_webview_auto.cpp
  lua_cocos2dx_extension_auto.cpp
..\auto\lua_cocos2dx_3d_auto.cpp(91): warning C4083: expected '('; found identifier 'NO'
..\auto\lua_cocos2dx_auto.cpp(12658): warning C4083: expected '('; found identifier 'NO'
..\auto\lua_cocos2dx_auto.cpp(12700): warning C4083: expected '('; found identifier 'NO'
..\auto\lua_cocos2dx_3d_auto.cpp(5118): warning C4083: expected '('; found identifier 'NO'
..\auto\lua_cocos2dx_3d_auto.cpp(5514): warning C4083: expected '('; found identifier 'NO'
..\auto\lua_cocos2dx_3d_auto.cpp(6149): warning C4083: expected '('; found identifier 'NO'
..\auto\lua_cocos2dx_3d_auto.cpp(6247): warning C4083: expected '('; found identifier 'NO'
..\auto\lua_cocos2dx_3d_auto.cpp(6298): warning C4083: expected '('; found identifier 'NO'
..\auto\lua_cocos2dx_3d_auto.cpp(6352): warning C4083: expected '('; found identifier 'NO'
..\auto\lua_cocos2dx_auto.cpp(19802): warning C4083: expected '('; found identifier 'NO'
..\auto\lua_cocos2dx_auto.cpp(19823): warning C4083: expected '('; found identifier 'NO'
..\auto\lua_cocos2dx_auto.cpp(20643): warning C4083: expected '('; found identifier 'NO'
..\auto\lua_cocos2dx_auto.cpp(20694): warning C4083: expected '('; found identifier 'NO'
..\auto\lua_cocos2dx_auto.cpp(26056): warning C4083: expected '('; found identifier 'NO'
..\auto\lua_cocos2dx_auto.cpp(26168): warning C4083: expected '('; found identifier 'NO'
..\auto\lua_cocos2dx_auto.cpp(28670): warning C4083: expected '('; found identifier 'NO'
..\auto\lua_cocos2dx_extension_auto.cpp(16306): warning C4083: expected '('; found identifier 'NO'
..\auto\lua_cocos2dx_auto.cpp(33207): warning C4083: expected '('; found identifier 'NO'
..\auto\lua_cocos2dx_auto.cpp(79673): warning C4083: expected '('; found identifier 'NO'
..\auto\lua_cocos2dx_auto.cpp(80760): warning C4083: expected '('; found identifier 'NO'
..\auto\lua_cocos2dx_auto.cpp(80789): warning C4083: expected '('; found identifier 'NO'
..\auto\lua_cocos2dx_auto.cpp(98064): warning C4083: expected '('; found identifier 'NO'
  lua_cocos2dx_navmesh_auto.cpp
  lua_cocos2dx_physics3d_auto.cpp
  lua_cocos2dx_physics_auto.cpp
  lua_cocos2dx_spine_auto.cpp
  lua_cocos2dx_studio_auto.cpp
f:\project\newproject\hunanproject\frameworks\cocos2d-x\cocos\scripting\lua-bindings\auto\lua_cocos2dx_3d_auto.cpp(6156): warning C4700: uninitialized local variable 'arg1' used
f:\project\newproject\hunanproject\frameworks\cocos2d-x\cocos\scripting\lua-bindings\auto\lua_cocos2dx_3d_auto.cpp(6359): warning C4700: uninitialized local variable 'arg1' used
  lua_cocos2dx_ui_auto.cpp
f:\project\newproject\hunanproject\frameworks\cocos2d-x\cocos\scripting\lua-bindings\auto\lua_cocos2dx_extension_auto.cpp(16313): warning C4700: uninitialized local variable 'arg0' used
  lua_cocos2dx_3d_manual.cpp
f:\project\newproject\hunanproject\frameworks\cocos2d-x\cocos\scripting\lua-bindings\auto\lua_cocos2dx_auto.cpp(19806): warning C4700: uninitialized local variable 'arg2' used
f:\project\newproject\hunanproject\frameworks\cocos2d-x\cocos\scripting\lua-bindings\auto\lua_cocos2dx_auto.cpp(19827): warning C4700: uninitialized local variable 'arg2' used
f:\project\newproject\hunanproject\frameworks\cocos2d-x\cocos\scripting\lua-bindings\auto\lua_cocos2dx_auto.cpp(20650): warning C4700: uninitialized local variable 'arg0' used
f:\project\newproject\hunanproject\frameworks\cocos2d-x\cocos\scripting\lua-bindings\auto\lua_cocos2dx_auto.cpp(20701): warning C4700: uninitialized local variable 'arg0' used
f:\project\newproject\hunanproject\frameworks\cocos2d-x\cocos\scripting\lua-bindings\auto\lua_cocos2dx_auto.cpp(28677): warning C4700: uninitialized local variable 'arg1' used
f:\project\newproject\hunanproject\frameworks\cocos2d-x\cocos\scripting\lua-bindings\auto\lua_cocos2dx_auto.cpp(33214): warning C4700: uninitialized local variable 'arg1' used
f:\project\newproject\hunanproject\frameworks\cocos2d-x\external\bullet\bulletcollision\broadphasecollision\btDbvtBroadphase.h(62): warning C4099: 'btDbvtBroadphase': type name first seen using 'class' now seen using 'struct' (compiling source file ..\auto\lua_cocos2dx_physics3d_auto.cpp)
  f:\project\newproject\hunanproject\frameworks\cocos2d-x\external\bullet\bulletcollision\broadphasecollision\btDbvtBroadphase.h(62): note: see declaration of 'btDbvtBroadphase' (compiling source file ..\auto\lua_cocos2dx_physics3d_auto.cpp)
  lua_cocos2dx_audioengine_manual.cpp
..\auto\lua_cocos2dx_navmesh_auto.cpp(522): warning C4083: expected '('; found identifier 'NO'
..\auto\lua_cocos2dx_navmesh_auto.cpp(1191): warning C4083: expected '('; found identifier 'NO'
..\auto\lua_cocos2dx_physics_auto.cpp(4888): warning C4083: expected '('; found identifier 'NO'
..\auto\lua_cocos2dx_spine_auto.cpp(181): warning C4083: expected '('; found identifier 'NO'
..\auto\lua_cocos2dx_spine_auto.cpp(197): warning C4083: expected '('; found identifier 'NO'
..\auto\lua_cocos2dx_spine_auto.cpp(666): warning C4083: expected '('; found identifier 'NO'
..\auto\lua_cocos2dx_spine_auto.cpp(683): warning C4083: expected '('; found identifier 'NO'
..\auto\lua_cocos2dx_spine_auto.cpp(846): warning C4083: expected '('; found identifier 'NO'
..\auto\lua_cocos2dx_spine_auto.cpp(916): warning C4083: expected '('; found identifier 'NO'
..\auto\lua_cocos2dx_spine_auto.cpp(933): warning C4083: expected '('; found identifier 'NO'
..\auto\lua_cocos2dx_spine_auto.cpp(966): warning C4083: expected '('; found identifier 'NO'
..\auto\lua_cocos2dx_spine_auto.cpp(982): warning C4083: expected '('; found identifier 'NO'
..\auto\lua_cocos2dx_spine_auto.cpp(1017): warning C4083: expected '('; found identifier 'NO'
..\auto\lua_cocos2dx_spine_auto.cpp(1037): warning C4083: expected '('; found identifier 'NO'
..\auto\lua_cocos2dx_spine_auto.cpp(1228): warning C4083: expected '('; found identifier 'NO'
..\auto\lua_cocos2dx_spine_auto.cpp(1286): warning C4083: expected '('; found identifier 'NO'
..\auto\lua_cocos2dx_spine_auto.cpp(1344): warning C4083: expected '('; found identifier 'NO'
..\auto\lua_cocos2dx_spine_auto.cpp(1456): warning C4083: expected '('; found identifier 'NO'
..\manual\3d\lua_cocos2dx_3d_manual.cpp(209): warning C4996: 'lua_cocos2dx_3d_Sprite3D_setBlendFunc01': was declared deprecated
  ..\manual\3d\lua_cocos2dx_3d_manual.cpp(32): note: see declaration of 'lua_cocos2dx_3d_Sprite3D_setBlendFunc01'
..\manual\3d\lua_cocos2dx_3d_manual.cpp(1850): warning C4018: '<=': signed/unsigned mismatch
..\manual\3d\lua_cocos2dx_3d_manual.cpp(1869): warning C4018: '<=': signed/unsigned mismatch
..\auto\lua_cocos2dx_ui_auto.cpp(4654): warning C4083: expected '('; found identifier 'NO'
..\auto\lua_cocos2dx_ui_auto.cpp(6519): warning C4083: expected '('; found identifier 'NO'
..\auto\lua_cocos2dx_ui_auto.cpp(6710): warning C4083: expected '('; found identifier 'NO'
..\auto\lua_cocos2dx_ui_auto.cpp(7758): warning C4083: expected '('; found identifier 'NO'
..\auto\lua_cocos2dx_ui_auto.cpp(8325): warning C4083: expected '('; found identifier 'NO'
..\auto\lua_cocos2dx_ui_auto.cpp(8372): warning C4083: expected '('; found identifier 'NO'
..\auto\lua_cocos2dx_ui_auto.cpp(8553): warning C4083: expected '('; found identifier 'NO'
..\auto\lua_cocos2dx_ui_auto.cpp(8650): warning C4083: expected '('; found identifier 'NO'
..\auto\lua_cocos2dx_ui_auto.cpp(9043): warning C4083: expected '('; found identifier 'NO'
..\auto\lua_cocos2dx_ui_auto.cpp(11021): warning C4083: expected '('; found identifier 'NO'
..\auto\lua_cocos2dx_ui_auto.cpp(13211): warning C4083: expected '('; found identifier 'NO'
..\auto\lua_cocos2dx_ui_auto.cpp(13690): warning C4083: expected '('; found identifier 'NO'
..\auto\lua_cocos2dx_ui_auto.cpp(18822): warning C4083: expected '('; found identifier 'NO'
..\auto\lua_cocos2dx_ui_auto.cpp(18919): warning C4083: expected '('; found identifier 'NO'
..\auto\lua_cocos2dx_ui_auto.cpp(19344): warning C4083: expected '('; found identifier 'NO'
..\auto\lua_cocos2dx_ui_auto.cpp(19552): warning C4083: expected '('; found identifier 'NO'
..\auto\lua_cocos2dx_ui_auto.cpp(19646): warning C4083: expected '('; found identifier 'NO'
..\auto\lua_cocos2dx_ui_auto.cpp(22467): warning C4083: expected '('; found identifier 'NO'
..\auto\lua_cocos2dx_ui_auto.cpp(27947): warning C4083: expected '('; found identifier 'NO'
..\auto\lua_cocos2dx_ui_auto.cpp(28092): warning C4083: expected '('; found identifier 'NO'
..\auto\lua_cocos2dx_ui_auto.cpp(28487): warning C4083: expected '('; found identifier 'NO'
..\auto\lua_cocos2dx_ui_auto.cpp(28648): warning C4083: expected '('; found identifier 'NO'
..\auto\lua_cocos2dx_physics3d_auto.cpp(592): warning C4083: expected '('; found identifier 'NO'
..\auto\lua_cocos2dx_physics3d_auto.cpp(647): warning C4083: expected '('; found identifier 'NO'
..\auto\lua_cocos2dx_physics3d_auto.cpp(935): warning C4083: expected '('; found identifier 'NO'
..\auto\lua_cocos2dx_physics3d_auto.cpp(2141): warning C4083: expected '('; found identifier 'NO'
..\auto\lua_cocos2dx_physics3d_auto.cpp(5180): warning C4083: expected '('; found identifier 'NO'
..\auto\lua_cocos2dx_physics3d_auto.cpp(5555): warning C4083: expected '('; found identifier 'NO'
f:\project\newproject\hunanproject\frameworks\cocos2d-x\cocos\scripting\lua-bindings\auto\lua_cocos2dx_navmesh_auto.cpp(1198): warning C4700: uninitialized local variable 'arg0' used
  CCLuaBridge.cpp
f:\project\newproject\hunanproject\frameworks\cocos2d-x\cocos\scripting\lua-bindings\auto\lua_cocos2dx_spine_auto.cpp(188): warning C4700: uninitialized local variable 'arg0' used
f:\project\newproject\hunanproject\frameworks\cocos2d-x\cocos\scripting\lua-bindings\auto\lua_cocos2dx_spine_auto.cpp(206): warning C4700: uninitialized local variable 'arg0' used
f:\project\newproject\hunanproject\frameworks\cocos2d-x\cocos\scripting\lua-bindings\auto\lua_cocos2dx_spine_auto.cpp(670): warning C4700: uninitialized local variable 'arg1' used
f:\project\newproject\hunanproject\frameworks\cocos2d-x\cocos\scripting\lua-bindings\auto\lua_cocos2dx_spine_auto.cpp(691): warning C4700: uninitialized local variable 'arg1' used
f:\project\newproject\hunanproject\frameworks\cocos2d-x\cocos\scripting\lua-bindings\auto\lua_cocos2dx_spine_auto.cpp(919): warning C4700: uninitialized local variable 'arg1' used
f:\project\newproject\hunanproject\frameworks\cocos2d-x\cocos\scripting\lua-bindings\auto\lua_cocos2dx_spine_auto.cpp(939): warning C4700: uninitialized local variable 'arg1' used
f:\project\newproject\hunanproject\frameworks\cocos2d-x\cocos\scripting\lua-bindings\auto\lua_cocos2dx_spine_auto.cpp(970): warning C4700: uninitialized local variable 'arg0' used
f:\project\newproject\hunanproject\frameworks\cocos2d-x\cocos\scripting\lua-bindings\auto\lua_cocos2dx_spine_auto.cpp(990): warning C4700: uninitialized local variable 'arg0' used
f:\project\newproject\hunanproject\frameworks\cocos2d-x\cocos\scripting\lua-bindings\auto\lua_cocos2dx_spine_auto.cpp(1021): warning C4700: uninitialized local variable 'arg1' used
f:\project\newproject\hunanproject\frameworks\cocos2d-x\cocos\scripting\lua-bindings\auto\lua_cocos2dx_spine_auto.cpp(1045): warning C4700: uninitialized local variable 'arg1' used
f:\project\newproject\hunanproject\frameworks\cocos2d-x\cocos\scripting\lua-bindings\auto\lua_cocos2dx_spine_auto.cpp(1241): warning C4700: uninitialized local variable 'arg0' used
f:\project\newproject\hunanproject\frameworks\cocos2d-x\cocos\scripting\lua-bindings\auto\lua_cocos2dx_spine_auto.cpp(1299): warning C4700: uninitialized local variable 'arg0' used
f:\project\newproject\hunanproject\frameworks\cocos2d-x\cocos\scripting\lua-bindings\auto\lua_cocos2dx_spine_auto.cpp(1357): warning C4700: uninitialized local variable 'arg0' used
f:\project\newproject\hunanproject\frameworks\cocos2d-x\cocos\scripting\lua-bindings\auto\lua_cocos2dx_spine_auto.cpp(1469): warning C4700: uninitialized local variable 'arg0' used
  CCLuaEngine.cpp
  CCLuaStack.cpp
  CCLuaValue.cpp
f:\project\newproject\hunanproject\frameworks\cocos2d-x\cocos\scripting\lua-bindings\auto\lua_cocos2dx_physics3d_auto.cpp(599): warning C4700: uninitialized local variable 'arg0' used
f:\project\newproject\hunanproject\frameworks\cocos2d-x\cocos\scripting\lua-bindings\auto\lua_cocos2dx_physics3d_auto.cpp(2148): warning C4700: uninitialized local variable 'arg0' used
f:\project\newproject\hunanproject\frameworks\cocos2d-x\cocos\scripting\lua-bindings\auto\lua_cocos2dx_physics3d_auto.cpp(5562): warning C4700: uninitialized local variable 'arg0' used
  Cocos2dxLuaLoader.cpp
  LuaOpengl.cpp
  LuaScriptHandlerMgr.cpp
  CCComponentLua.cpp
  lua_cocos2dx_deprecated.cpp
..\manual\CCLuaStack.cpp(855): warning C4018: '<': signed/unsigned mismatch
..\manual\CCLuaStack.cpp(810): warning C4996: 'cocos2d::FileUtils::getFileData': was declared deprecated
  f:\project\newproject\hunanproject\frameworks\cocos2d-x\cocos\platform/CCFileUtils.h(111): note: see declaration of 'cocos2d::FileUtils::getFileData'
..\manual\Cocos2dxLuaLoader.cpp(90): warning C4996: 'cocos2d::FileUtils::getFileData': was declared deprecated
  f:\project\newproject\hunanproject\frameworks\cocos2d-x\cocos\platform/CCFileUtils.h(111): note: see declaration of 'cocos2d::FileUtils::getFileData'
..\manual\Cocos2dxLuaLoader.cpp(98): warning C4996: 'cocos2d::FileUtils::getFileData': was declared deprecated
  f:\project\newproject\hunanproject\frameworks\cocos2d-x\cocos\platform/CCFileUtils.h(111): note: see declaration of 'cocos2d::FileUtils::getFileData'
..\manual\cocos2d\LuaOpengl.cpp(4431): warning C4996: 'cocos2d::DrawPrimitives::drawPoint': was declared deprecated
  f:\project\newproject\hunanproject\frameworks\cocos2d-x\cocos\2d/CCDrawingPrimitives.h(100): note: see declaration of 'cocos2d::DrawPrimitives::drawPoint'
..\manual\cocos2d\LuaOpengl.cpp(4466): warning C4018: '<': signed/unsigned mismatch
..\manual\cocos2d\LuaOpengl.cpp(4484): warning C4996: 'cocos2d::DrawPrimitives::drawPoints': was declared deprecated
  f:\project\newproject\hunanproject\frameworks\cocos2d-x\cocos\2d/CCDrawingPrimitives.h(108): note: see declaration of 'cocos2d::DrawPrimitives::drawPoints'
..\manual\cocos2d\LuaOpengl.cpp(4519): warning C4996: 'cocos2d::DrawPrimitives::drawLine': was declared deprecated
  f:\project\newproject\hunanproject\frameworks\cocos2d-x\cocos\2d/CCDrawingPrimitives.h(115): note: see declaration of 'cocos2d::DrawPrimitives::drawLine'
..\manual\cocos2d\LuaOpengl.cpp(4552): warning C4996: 'cocos2d::DrawPrimitives::drawRect': was declared deprecated
  f:\project\newproject\hunanproject\frameworks\cocos2d-x\cocos\2d/CCDrawingPrimitives.h(123): note: see declaration of 'cocos2d::DrawPrimitives::drawRect'
..\manual\cocos2d\LuaOpengl.cpp(4592): warning C4996: 'cocos2d::DrawPrimitives::drawSolidRect': was declared deprecated
  f:\project\newproject\hunanproject\frameworks\cocos2d-x\cocos\2d/CCDrawingPrimitives.h(133): note: see declaration of 'cocos2d::DrawPrimitives::drawSolidRect'
..\manual\cocos2d\LuaOpengl.cpp(4628): warning C4018: '<': signed/unsigned mismatch
..\manual\cocos2d\LuaOpengl.cpp(4646): warning C4996: 'cocos2d::DrawPrimitives::drawPoly': was declared deprecated
  f:\project\newproject\hunanproject\frameworks\cocos2d-x\cocos\2d/CCDrawingPrimitives.h(142): note: see declaration of 'cocos2d::DrawPrimitives::drawPoly'
..\manual\cocos2d\LuaOpengl.cpp(4682): warning C4018: '<': signed/unsigned mismatch
..\manual\cocos2d\LuaOpengl.cpp(4708): warning C4996: 'cocos2d::DrawPrimitives::drawSolidPoly': was declared deprecated
  f:\project\newproject\hunanproject\frameworks\cocos2d-x\cocos\2d/CCDrawingPrimitives.h(150): note: see declaration of 'cocos2d::DrawPrimitives::drawSolidPoly'
..\manual\cocos2d\LuaOpengl.cpp(4752): warning C4996: 'cocos2d::DrawPrimitives::drawCircle': was declared deprecated
  f:\project\newproject\hunanproject\frameworks\cocos2d-x\cocos\2d/CCDrawingPrimitives.h(162): note: see declaration of 'cocos2d::DrawPrimitives::drawCircle'
..\manual\cocos2d\LuaOpengl.cpp(4790): warning C4996: 'cocos2d::DrawPrimitives::drawSolidCircle': was declared deprecated
  f:\project\newproject\hunanproject\frameworks\cocos2d-x\cocos\2d/CCDrawingPrimitives.h(183): note: see declaration of 'cocos2d::DrawPrimitives::drawSolidCircle'
..\manual\cocos2d\LuaOpengl.cpp(4832): warning C4996: 'cocos2d::DrawPrimitives::drawQuadBezier': was declared deprecated
  f:\project\newproject\hunanproject\frameworks\cocos2d-x\cocos\2d/CCDrawingPrimitives.h(203): note: see declaration of 'cocos2d::DrawPrimitives::drawQuadBezier'
..\manual\cocos2d\LuaOpengl.cpp(4879): warning C4996: 'cocos2d::DrawPrimitives::drawCubicBezier': was declared deprecated
  f:\project\newproject\hunanproject\frameworks\cocos2d-x\cocos\2d/CCDrawingPrimitives.h(215): note: see declaration of 'cocos2d::DrawPrimitives::drawCubicBezier'
..\manual\cocos2d\LuaOpengl.cpp(4925): warning C4996: 'cocos2d::DrawPrimitives::drawCatmullRom': was declared deprecated
  f:\project\newproject\hunanproject\frameworks\cocos2d-x\cocos\2d/CCDrawingPrimitives.h(224): note: see declaration of 'cocos2d::DrawPrimitives::drawCatmullRom'
..\manual\cocos2d\LuaOpengl.cpp(4971): warning C4996: 'cocos2d::DrawPrimitives::drawCardinalSpline': was declared deprecated
  f:\project\newproject\hunanproject\frameworks\cocos2d-x\cocos\2d/CCDrawingPrimitives.h(234): note: see declaration of 'cocos2d::DrawPrimitives::drawCardinalSpline'
..\manual\cocos2d\LuaOpengl.cpp(5003): warning C4996: 'cocos2d::DrawPrimitives::setDrawColor4B': was declared deprecated
  f:\project\newproject\hunanproject\frameworks\cocos2d-x\cocos\2d/CCDrawingPrimitives.h(245): note: see declaration of 'cocos2d::DrawPrimitives::setDrawColor4B'
..\manual\cocos2d\LuaOpengl.cpp(5035): warning C4996: 'cocos2d::DrawPrimitives::setDrawColor4F': was declared deprecated
  f:\project\newproject\hunanproject\frameworks\cocos2d-x\cocos\2d/CCDrawingPrimitives.h(256): note: see declaration of 'cocos2d::DrawPrimitives::setDrawColor4F'
..\manual\cocos2d\LuaOpengl.cpp(5061): warning C4996: 'cocos2d::DrawPrimitives::setPointSize': was declared deprecated
  f:\project\newproject\hunanproject\frameworks\cocos2d-x\cocos\2d/CCDrawingPrimitives.h(263): note: see declaration of 'cocos2d::DrawPrimitives::setPointSize'
..\manual\cocos2d\LuaOpengl.cpp(5086): warning C4996: 'tolua_cocos2d_DrawPrimitives_drawPoint00': was declared deprecated
  ..\manual\cocos2d\LuaOpengl.cpp(4417): note: see declaration of 'tolua_cocos2d_DrawPrimitives_drawPoint00'
..\manual\cocos2d\LuaOpengl.cpp(5087): warning C4996: 'tolua_cocos2d_DrawPrimitives_drawPoints00': was declared deprecated
  ..\manual\cocos2d\LuaOpengl.cpp(4445): note: see declaration of 'tolua_cocos2d_DrawPrimitives_drawPoints00'
..\manual\cocos2d\LuaOpengl.cpp(5088): warning C4996: 'tolua_cocos2d_DrawPrimitives_drawLine00': was declared deprecated
  ..\manual\cocos2d\LuaOpengl.cpp(4499): note: see declaration of 'tolua_cocos2d_DrawPrimitives_drawLine00'
..\manual\cocos2d\LuaOpengl.cpp(5089): warning C4996: 'tolua_cocos2d_DrawPrimitives_drawRect00': was declared deprecated
  ..\manual\cocos2d\LuaOpengl.cpp(4532): note: see declaration of 'tolua_cocos2d_DrawPrimitives_drawRect00'
..\manual\cocos2d\LuaOpengl.cpp(5090): warning C4996: 'tolua_cocos2d_DrawPrimitives_drawSolidRect00': was declared deprecated
  ..\manual\cocos2d\LuaOpengl.cpp(4565): note: see declaration of 'tolua_cocos2d_DrawPrimitives_drawSolidRect00'
..\manual\cocos2d\LuaOpengl.cpp(5091): warning C4996: 'tolua_cocos2d_DrawPrimitives_drawPoly00': was declared deprecated
  ..\manual\cocos2d\LuaOpengl.cpp(4605): note: see declaration of 'tolua_cocos2d_DrawPrimitives_drawPoly00'
..\manual\cocos2d\LuaOpengl.cpp(5092): warning C4996: 'tolua_cocos2d_DrawPrimitives_drawSolidPoly00': was declared deprecated
  ..\manual\cocos2d\LuaOpengl.cpp(4661): note: see declaration of 'tolua_cocos2d_DrawPrimitives_drawSolidPoly00'
..\manual\cocos2d\LuaOpengl.cpp(5093): warning C4996: 'tolua_cocos2d_DrawPrimitives_drawCircle00': was declared deprecated
  ..\manual\cocos2d\LuaOpengl.cpp(4723): note: see declaration of 'tolua_cocos2d_DrawPrimitives_drawCircle00'
..\manual\cocos2d\LuaOpengl.cpp(5094): warning C4996: 'tolua_cocos2d_DrawPrimitives_drawSolidCircle00': was declared deprecated
  ..\manual\cocos2d\LuaOpengl.cpp(4765): note: see declaration of 'tolua_cocos2d_DrawPrimitives_drawSolidCircle00'
..\manual\cocos2d\LuaOpengl.cpp(5095): warning C4996: 'tolua_cocos2d_DrawPrimitives_drawQuadBezier00': was declared deprecated
  ..\manual\cocos2d\LuaOpengl.cpp(4804): note: see declaration of 'tolua_cocos2d_DrawPrimitives_drawQuadBezier00'
..\manual\cocos2d\LuaOpengl.cpp(5096): warning C4996: 'tolua_cocos2d_DrawPrimitives_drawCubicBezier00': was declared deprecated
  ..\manual\cocos2d\LuaOpengl.cpp(4845): note: see declaration of 'tolua_cocos2d_DrawPrimitives_drawCubicBezier00'
..\manual\cocos2d\LuaOpengl.cpp(5097): warning C4996: 'tolua_cocos2d_DrawPrimitives_drawCatmullRom00': was declared deprecated
  ..\manual\cocos2d\LuaOpengl.cpp(4892): note: see declaration of 'tolua_cocos2d_DrawPrimitives_drawCatmullRom00'
..\manual\cocos2d\LuaOpengl.cpp(5098): warning C4996: 'tolua_cocos2d_DrawPrimitives_drawCardinalSpline00': was declared deprecated
  ..\manual\cocos2d\LuaOpengl.cpp(4938): note: see declaration of 'tolua_cocos2d_DrawPrimitives_drawCardinalSpline00'
..\manual\cocos2d\LuaOpengl.cpp(5099): warning C4996: 'tolua_cocos2d_DrawPrimitives_drawColor4B00': was declared deprecated
  ..\manual\cocos2d\LuaOpengl.cpp(4984): note: see declaration of 'tolua_cocos2d_DrawPrimitives_drawColor4B00'
..\manual\cocos2d\LuaOpengl.cpp(5100): warning C4996: 'tolua_cocos2d_DrawPrimitives_drawColor4F00': was declared deprecated
  ..\manual\cocos2d\LuaOpengl.cpp(5016): note: see declaration of 'tolua_cocos2d_DrawPrimitives_drawColor4F00'
..\manual\cocos2d\LuaOpengl.cpp(5101): warning C4996: 'tolua_cocos2d_DrawPrimitives_setPointSize00': was declared deprecated
  ..\manual\cocos2d\LuaOpengl.cpp(5048): note: see declaration of 'tolua_cocos2d_DrawPrimitives_setPointSize00'
  lua_cocos2dx_experimental_manual.cpp
  lua_cocos2dx_manual.cpp
  lua_cocos2dx_physics_manual.cpp
..\manual\cocos2d\lua_cocos2dx_deprecated.cpp(1527): warning C4018: '<': signed/unsigned mismatch
  CCBProxy.cpp
  lua_cocos2dx_cocosbuilder_manual.cpp
  lua_cocos2dx_cocosdenshion_manual.cpp
  CustomGUIReader.cpp
  lua-cocos-studio-conversions.cpp
..\manual\cocos2d\lua_cocos2dx_manual.cpp(270): warning C4018: '<=': signed/unsigned mismatch
..\manual\cocos2d\lua_cocos2dx_manual.cpp(419): warning C4018: '<': signed/unsigned mismatch
..\manual\cocos2d\lua_cocos2dx_manual.cpp(1752): warning C4018: '<=': signed/unsigned mismatch
..\manual\cocos2d\lua_cocos2dx_manual.cpp(2560): warning C4018: '<=': signed/unsigned mismatch
..\manual\cocos2d\lua_cocos2dx_manual.cpp(2955): warning C4018: '<': signed/unsigned mismatch
..\manual\cocos2d\lua_cocos2dx_manual.cpp(3041): warning C4018: '<': signed/unsigned mismatch
..\manual\cocos2d\lua_cocos2dx_manual.cpp(3120): warning C4018: '<': signed/unsigned mismatch
..\manual\cocos2d\lua_cocos2dx_manual.cpp(3330): warning C4018: '<': signed/unsigned mismatch
..\manual\cocos2d\lua_cocos2dx_manual.cpp(3370): warning C4018: '<': signed/unsigned mismatch
..\manual\cocos2d\lua_cocos2dx_manual.cpp(3994): warning C4018: '<=': signed/unsigned mismatch
..\manual\cocos2d\lua_cocos2dx_manual.cpp(4068): warning C4018: '<=': signed/unsigned mismatch
..\manual\cocos2d\lua_cocos2dx_manual.cpp(4143): warning C4018: '<=': signed/unsigned mismatch
..\manual\cocos2d\lua_cocos2dx_manual.cpp(4216): warning C4018: '<=': signed/unsigned mismatch
..\manual\cocos2d\lua_cocos2dx_manual.cpp(4291): warning C4018: '<=': signed/unsigned mismatch
..\manual\cocos2d\lua_cocos2dx_manual.cpp(5048): warning C4996: 'tolua_cocos2dx_DrawNode_setBlendFunc01': was declared deprecated
  ..\manual\cocos2d\lua_cocos2dx_manual.cpp(3549): note: see declaration of 'tolua_cocos2dx_DrawNode_setBlendFunc01'
..\manual\cocos2d\lua_cocos2dx_manual.cpp(5235): warning C4996: 'tolua_cocos2dx_Sprite_setBlendFunc01': was declared deprecated
  ..\manual\cocos2d\lua_cocos2dx_manual.cpp(3458): note: see declaration of 'tolua_cocos2dx_Sprite_setBlendFunc01'
..\manual\cocos2d\lua_cocos2dx_manual.cpp(5250): warning C4996: 'tolua_cocos2dx_LayerColor_setBlendFunc01': was declared deprecated
  ..\manual\cocos2d\lua_cocos2dx_manual.cpp(3523): note: see declaration of 'tolua_cocos2dx_LayerColor_setBlendFunc01'
..\manual\cocos2d\lua_cocos2dx_manual.cpp(5276): warning C4996: 'tolua_cocos2dx_ParticleSystem_setBlendFunc01': was declared deprecated
  ..\manual\cocos2d\lua_cocos2dx_manual.cpp(3536): note: see declaration of 'tolua_cocos2dx_ParticleSystem_setBlendFunc01'
..\manual\cocos2d\lua_cocos2dx_manual.cpp(5319): warning C4996: 'tolua_cocos2dx_SpriteBatchNode_setBlendFunc01': was declared deprecated
  ..\manual\cocos2d\lua_cocos2dx_manual.cpp(3471): note: see declaration of 'tolua_cocos2dx_SpriteBatchNode_setBlendFunc01'
..\manual\cocos2d\lua_cocos2dx_manual.cpp(5332): warning C4996: 'tolua_cocos2dx_MotionStreak_setBlendFunc01': was declared deprecated
  ..\manual\cocos2d\lua_cocos2dx_manual.cpp(3484): note: see declaration of 'tolua_cocos2dx_MotionStreak_setBlendFunc01'
..\manual\cocos2d\lua_cocos2dx_manual.cpp(5345): warning C4996: 'tolua_cocos2dx_AtlasNode_setBlendFunc01': was declared deprecated
  ..\manual\cocos2d\lua_cocos2dx_manual.cpp(3497): note: see declaration of 'tolua_cocos2dx_AtlasNode_setBlendFunc01'
..\manual\cocos2d\lua_cocos2dx_manual.cpp(5358): warning C4996: 'tolua_cocos2dx_ParticleBatchNode_setBlendFunc01': was declared deprecated
  ..\manual\cocos2d\lua_cocos2dx_manual.cpp(3510): note: see declaration of 'tolua_cocos2dx_ParticleBatchNode_setBlendFunc01'
..\manual\cocos2d\lua_cocos2dx_manual.cpp(7175): warning C4018: '<=': signed/unsigned mismatch
  lua_cocos2dx_coco_studio_manual.cpp
  lua_cocos2dx_csloader_manual.cpp
  lua_cocos2dx_extension_manual.cpp
  LuaBasicConversions.cpp
  lua_module_register.cpp
  lua_cocos2dx_navmesh_conversions.cpp
  lua_cocos2dx_navmesh_manual.cpp
  lua_cocos2dx_network_manual.cpp
  Lua_web_socket.cpp
..\manual\cocostudio\lua_cocos2dx_coco_studio_manual.cpp(386): warning C4996: 'cocostudio::Bone::getIgnoreMovementBoneData': was declared deprecated
  F:\project\newProject\HunanProject\frameworks\cocos2d-x\cocos\editor-support\cocostudio/CCBone.h(194): note: see declaration of 'cocostudio::Bone::getIgnoreMovementBoneData'
  lua_xml_http_request.cpp
  lua_cocos2dx_physics3d_manual.cpp
  LuaSkeletonAnimation.cpp
  lua_cocos2dx_spine_manual.cpp
  tolua_fix.cpp
  lua_cocos2dx_experimental_video_manual.cpp
  lua_cocos2dx_experimental_webview_manual.cpp
  lua_cocos2dx_ui_manual.cpp
..\manual\network\lua_xml_http_request.cpp(313): warning C4102: 'tolua_lerror': unreferenced label
..\manual\network\lua_xml_http_request.cpp(700): warning C4018: '<': signed/unsigned mismatch
f:\project\newproject\hunanproject\frameworks\cocos2d-x\external\bullet\bulletcollision\broadphasecollision\btDbvtBroadphase.h(62): warning C4099: 'btDbvtBroadphase': type name first seen using 'class' now seen using 'struct' (compiling source file ..\manual\physics3d\lua_cocos2dx_physics3d_manual.cpp)
  f:\project\newproject\hunanproject\frameworks\cocos2d-x\external\bullet\bulletcollision\broadphasecollision\btDbvtBroadphase.h(62): note: see declaration of 'btDbvtBroadphase' (compiling source file ..\manual\physics3d\lua_cocos2dx_physics3d_manual.cpp)
..\manual\spine\lua_cocos2dx_spine_manual.cpp(478): warning C4996: 'tolua_spine_SkeletoneAnimation_setBlendFunc': was declared deprecated
  ..\manual\spine\lua_cocos2dx_spine_manual.cpp(325): note: see declaration of 'tolua_spine_SkeletoneAnimation_setBlendFunc'
  libluacocos2d.vcxproj -> F:\project\newProject\HunanProject\frameworks\runtime-src\proj.win32\Debug.win32\libluacocos2d.lib
