  CCHTTPRequest.cpp
  DeviceEx-win32.cpp
  PlayerEditBoxServiceWin.cpp
  PlayerFileDialogServiceWin.cpp
  PlayerMenuServiceWin.cpp
  PlayerMessageBoxServiceWin.cpp
  PlayerTaskServiceWin.cpp
  PlayerWin.cpp
  ProjectConfig.cpp
  SimulatorConfig.cpp
  AppEvent.cpp
  AppLang.cpp
  PlayerMenuServiceProtocol.cpp
  PlayerProtocol.cpp
  PlayerServiceProtocol.cpp
  PlayerSettings.cpp
  PlayerTaskServiceProtocol.cpp
  PlayerUtils.cpp
  extension_set.cc
  generated_message_util.cc
C:\Program Files (x86)\Microsoft Visual Studio 14.0\VC\include\xutility(2372): warning C4996: 'std::copy::_Unchecked_iterators::_Deprecate': Call to 'std::copy' with parameters that may be unsafe - this call relies on the caller to check that the passed values are correct. To disable this warning, use -D_SCL_SECURE_NO_WARNINGS. See documentation on how to use Visual C++ 'Checked Iterators' (compiling source file ..\lib\protobuf-lite\google\protobuf\extension_set.cc)
  C:\Program Files (x86)\Microsoft Visual Studio 14.0\VC\include\xutility(2372): note: see declaration of 'std::copy::_Unchecked_iterators::_Deprecate' (compiling source file ..\lib\protobuf-lite\google\protobuf\extension_set.cc)
  F:\project\newProject\HunanProject\frameworks\cocos2d-x\tools\simulator\libsimulator\lib\protobuf-lite\google/protobuf/repeated_field.h(785): note: see reference to function template instantiation '_OutIt std::copy<const Element[],Element[]>(_InIt,_InIt,_OutIt)' being compiled
          with
          [
              _OutIt=google::protobuf::int64 [],
              Element=google::protobuf::int64,
              _InIt=const google::protobuf::int64 []
          ] (compiling source file ..\lib\protobuf-lite\google\protobuf\extension_set.cc)
  F:\project\newProject\HunanProject\frameworks\cocos2d-x\tools\simulator\libsimulator\lib\protobuf-lite\google/protobuf/repeated_field.h(784): note: while compiling class template member function 'void google::protobuf::internal::ElementCopier<Element,false>::operator ()(Element [],const Element [],int)'
          with
          [
              Element=google::protobuf::int64
          ] (compiling source file ..\lib\protobuf-lite\google\protobuf\extension_set.cc)
  F:\project\newProject\HunanProject\frameworks\cocos2d-x\tools\simulator\libsimulator\lib\protobuf-lite\google/protobuf/repeated_field.h(777): note: see reference to function template instantiation 'void google::protobuf::internal::ElementCopier<Element,false>::operator ()(Element [],const Element [],int)' being compiled
          with
          [
              Element=google::protobuf::int64
          ] (compiling source file ..\lib\protobuf-lite\google\protobuf\extension_set.cc)
  F:\project\newProject\HunanProject\frameworks\cocos2d-x\tools\simulator\libsimulator\lib\protobuf-lite\google/protobuf/repeated_field.h(777): note: see reference to class template instantiation 'google::protobuf::internal::ElementCopier<Element,false>' being compiled
          with
          [
              Element=google::protobuf::int64
          ] (compiling source file ..\lib\protobuf-lite\google\protobuf\extension_set.cc)
  F:\project\newProject\HunanProject\frameworks\cocos2d-x\tools\simulator\libsimulator\lib\protobuf-lite\google/protobuf/repeated_field.h(776): note: while compiling class template member function 'void google::protobuf::RepeatedField<google::protobuf::int64>::CopyArray(Element [],const Element [],int)'
          with
          [
              Element=google::protobuf::int64
          ] (compiling source file ..\lib\protobuf-lite\google\protobuf\extension_set.cc)
  F:\project\newProject\HunanProject\frameworks\cocos2d-x\tools\simulator\libsimulator\lib\protobuf-lite\google/protobuf/repeated_field.h(677): note: see reference to function template instantiation 'void google::protobuf::RepeatedField<google::protobuf::int64>::CopyArray(Element [],const Element [],int)' being compiled
          with
          [
              Element=google::protobuf::int64
          ] (compiling source file ..\lib\protobuf-lite\google\protobuf\extension_set.cc)
  F:\project\newProject\HunanProject\frameworks\cocos2d-x\tools\simulator\libsimulator\lib\protobuf-lite\google/protobuf/repeated_field.h(552): note: while compiling class template member function 'google::protobuf::RepeatedField<google::protobuf::int64>::RepeatedField(void)' (compiling source file ..\lib\protobuf-lite\google\protobuf\extension_set.cc)
  ..\lib\protobuf-lite\google\protobuf\extension_set.cc(298): note: see reference to function template instantiation 'google::protobuf::RepeatedField<google::protobuf::int64>::RepeatedField(void)' being compiled
  ..\lib\protobuf-lite\google\protobuf\extension_set.cc(298): note: see reference to class template instantiation 'google::protobuf::RepeatedField<google::protobuf::int64>' being compiled
  coded_stream.cc
  zero_copy_stream.cc
  zero_copy_stream_impl_lite.cc
  message_lite.cc
..\lib\protobuf-lite\google\protobuf\io\zero_copy_stream_impl_lite.cc(157): warning C4018: '<': signed/unsigned mismatch
..\lib\protobuf-lite\google\protobuf\io\zero_copy_stream_impl_lite.cc(177): warning C4018: '<=': signed/unsigned mismatch
  repeated_field.cc
  atomicops_internals_x86_gcc.cc
  atomicops_internals_x86_msvc.cc
  common.cc
..\lib\protobuf-lite\google\protobuf\stubs\common.cc(377): warning C4018: '<': signed/unsigned mismatch
  once.cc
  stringprintf.cc
..\lib\protobuf-lite\google\protobuf\stubs\stringprintf.cc(152): warning C4018: '<': signed/unsigned mismatch
  wire_format_lite.cc
  ConfigParser.cpp
C:\Program Files (x86)\Microsoft Visual Studio 14.0\VC\include\xutility(2372): warning C4996: 'std::copy::_Unchecked_iterators::_Deprecate': Call to 'std::copy' with parameters that may be unsafe - this call relies on the caller to check that the passed values are correct. To disable this warning, use -D_SCL_SECURE_NO_WARNINGS. See documentation on how to use Visual C++ 'Checked Iterators' (compiling source file ..\lib\protobuf-lite\google\protobuf\wire_format_lite.cc)
  C:\Program Files (x86)\Microsoft Visual Studio 14.0\VC\include\xutility(2372): note: see declaration of 'std::copy::_Unchecked_iterators::_Deprecate' (compiling source file ..\lib\protobuf-lite\google\protobuf\wire_format_lite.cc)
  F:\project\newProject\HunanProject\frameworks\cocos2d-x\tools\simulator\libsimulator\lib\protobuf-lite\google/protobuf/repeated_field.h(785): note: see reference to function template instantiation '_OutIt std::copy<const Element[],Element[]>(_InIt,_InIt,_OutIt)' being compiled
          with
          [
              _OutIt=google::protobuf::uint64 [],
              Element=google::protobuf::uint64,
              _InIt=const google::protobuf::uint64 []
          ] (compiling source file ..\lib\protobuf-lite\google\protobuf\wire_format_lite.cc)
  F:\project\newProject\HunanProject\frameworks\cocos2d-x\tools\simulator\libsimulator\lib\protobuf-lite\google/protobuf/repeated_field.h(784): note: while compiling class template member function 'void google::protobuf::internal::ElementCopier<Element,false>::operator ()(Element [],const Element [],int)'
          with
          [
              Element=google::protobuf::uint64
          ] (compiling source file ..\lib\protobuf-lite\google\protobuf\wire_format_lite.cc)
  F:\project\newProject\HunanProject\frameworks\cocos2d-x\tools\simulator\libsimulator\lib\protobuf-lite\google/protobuf/repeated_field.h(777): note: see reference to function template instantiation 'void google::protobuf::internal::ElementCopier<Element,false>::operator ()(Element [],const Element [],int)' being compiled
          with
          [
              Element=google::protobuf::uint64
          ] (compiling source file ..\lib\protobuf-lite\google\protobuf\wire_format_lite.cc)
  F:\project\newProject\HunanProject\frameworks\cocos2d-x\tools\simulator\libsimulator\lib\protobuf-lite\google/protobuf/repeated_field.h(777): note: see reference to class template instantiation 'google::protobuf::internal::ElementCopier<Element,false>' being compiled
          with
          [
              Element=google::protobuf::uint64
          ] (compiling source file ..\lib\protobuf-lite\google\protobuf\wire_format_lite.cc)
  F:\project\newProject\HunanProject\frameworks\cocos2d-x\tools\simulator\libsimulator\lib\protobuf-lite\google/protobuf/repeated_field.h(776): note: while compiling class template member function 'void google::protobuf::RepeatedField<google::protobuf::uint64>::CopyArray(Element [],const Element [],int)'
          with
          [
              Element=google::protobuf::uint64
          ] (compiling source file ..\lib\protobuf-lite\google\protobuf\wire_format_lite.cc)
  F:\project\newProject\HunanProject\frameworks\cocos2d-x\tools\simulator\libsimulator\lib\protobuf-lite\google/protobuf/repeated_field.h(771): note: see reference to function template instantiation 'void google::protobuf::RepeatedField<google::protobuf::uint64>::CopyArray(Element [],const Element [],int)' being compiled
          with
          [
              Element=google::protobuf::uint64
          ] (compiling source file ..\lib\protobuf-lite\google\protobuf\wire_format_lite.cc)
  F:\project\newProject\HunanProject\frameworks\cocos2d-x\tools\simulator\libsimulator\lib\protobuf-lite\google/protobuf/repeated_field.h(770): note: while compiling class template member function 'void google::protobuf::RepeatedField<google::protobuf::uint64>::MoveArray(Element [],Element [],int)'
          with
          [
              Element=google::protobuf::uint64
          ] (compiling source file ..\lib\protobuf-lite\google\protobuf\wire_format_lite.cc)
  F:\project\newProject\HunanProject\frameworks\cocos2d-x\tools\simulator\libsimulator\lib\protobuf-lite\google/protobuf/repeated_field.h(757): note: see reference to function template instantiation 'void google::protobuf::RepeatedField<google::protobuf::uint64>::MoveArray(Element [],Element [],int)' being compiled
          with
          [
              Element=google::protobuf::uint64
          ] (compiling source file ..\lib\protobuf-lite\google\protobuf\wire_format_lite.cc)
  F:\project\newProject\HunanProject\frameworks\cocos2d-x\tools\simulator\libsimulator\lib\protobuf-lite\google/protobuf/repeated_field.h(749): note: while compiling class template member function 'void google::protobuf::RepeatedField<google::protobuf::uint64>::Reserve(int)' (compiling source file ..\lib\protobuf-lite\google\protobuf\wire_format_lite.cc)
  F:\project\newProject\HunanProject\frameworks\cocos2d-x\tools\simulator\libsimulator\lib\protobuf-lite\google/protobuf/repeated_field.h(631): note: see reference to function template instantiation 'void google::protobuf::RepeatedField<google::protobuf::uint64>::Reserve(int)' being compiled (compiling source file ..\lib\protobuf-lite\google\protobuf\wire_format_lite.cc)
  F:\project\newProject\HunanProject\frameworks\cocos2d-x\tools\simulator\libsimulator\lib\protobuf-lite\google/protobuf/repeated_field.h(590): note: while compiling class template member function 'int google::protobuf::RepeatedField<google::protobuf::uint64>::size(void) const' (compiling source file ..\lib\protobuf-lite\google\protobuf\wire_format_lite.cc)
  F:\project\newProject\HunanProject\frameworks\cocos2d-x\tools\simulator\libsimulator\lib\protobuf-lite\google/protobuf/wire_format_lite_inl.h(269): note: see reference to function template instantiation 'int google::protobuf::RepeatedField<google::protobuf::uint64>::size(void) const' being compiled (compiling source file ..\lib\protobuf-lite\google\protobuf\wire_format_lite.cc)
  F:\project\newProject\HunanProject\frameworks\cocos2d-x\tools\simulator\libsimulator\lib\protobuf-lite\google/protobuf/wire_format_lite_inl.h(250): note: see reference to class template instantiation 'google::protobuf::RepeatedField<google::protobuf::uint64>' being compiled (compiling source file ..\lib\protobuf-lite\google\protobuf\wire_format_lite.cc)
  F:\project\newProject\HunanProject\frameworks\cocos2d-x\tools\simulator\libsimulator\lib\protobuf-lite\google/protobuf/wire_format_lite_inl.h(303): note: see reference to function template instantiation 'bool google::protobuf::internal::WireFormatLite::ReadRepeatedFixedSizePrimitive<google::protobuf::uint64,google::protobuf::internal::WireFormatLite::TYPE_FIXED64>(int,google::protobuf::uint32,google::protobuf::io::CodedInputStream *,google::protobuf::RepeatedField<google::protobuf::uint64> *)' being compiled (compiling source file ..\lib\protobuf-lite\google\protobuf\wire_format_lite.cc)
  ConnectWaitLayer.cpp
  ConsoleCommand.cpp
  FileServer.cpp
..\lib\runtime\ConfigParser.cpp(110): warning C4018: '<': signed/unsigned mismatch
  Landscape_png.cpp
  PlayDisable_png.cpp
  PlayEnable_png.cpp
  Portrait_png.cpp
  Protos.pb.cc
  Runtime.cpp
  RuntimeCCSImpl.cpp
C:\Program Files (x86)\Microsoft Visual Studio 14.0\VC\include\xutility(2372): warning C4996: 'std::copy::_Unchecked_iterators::_Deprecate': Call to 'std::copy' with parameters that may be unsafe - this call relies on the caller to check that the passed values are correct. To disable this warning, use -D_SCL_SECURE_NO_WARNINGS. See documentation on how to use Visual C++ 'Checked Iterators' (compiling source file ..\lib\runtime\Protos.pb.cc)
  C:\Program Files (x86)\Microsoft Visual Studio 14.0\VC\include\xutility(2372): note: see declaration of 'std::copy::_Unchecked_iterators::_Deprecate' (compiling source file ..\lib\runtime\Protos.pb.cc)
  F:\project\newProject\HunanProject\frameworks\cocos2d-x\tools\simulator\libsimulator\lib\protobuf-lite\google/protobuf/repeated_field.h(785): note: see reference to function template instantiation '_OutIt std::copy<const Element[],Element[]>(_InIt,_InIt,_OutIt)' being compiled
          with
          [
              _OutIt=google::protobuf::int64 [],
              Element=google::protobuf::int64,
              _InIt=const google::protobuf::int64 []
          ] (compiling source file ..\lib\runtime\Protos.pb.cc)
  F:\project\newProject\HunanProject\frameworks\cocos2d-x\tools\simulator\libsimulator\lib\protobuf-lite\google/protobuf/repeated_field.h(784): note: while compiling class template member function 'void google::protobuf::internal::ElementCopier<Element,false>::operator ()(Element [],const Element [],int)'
          with
          [
              Element=google::protobuf::int64
          ] (compiling source file ..\lib\runtime\Protos.pb.cc)
  F:\project\newProject\HunanProject\frameworks\cocos2d-x\tools\simulator\libsimulator\lib\protobuf-lite\google/protobuf/repeated_field.h(777): note: see reference to function template instantiation 'void google::protobuf::internal::ElementCopier<Element,false>::operator ()(Element [],const Element [],int)' being compiled
          with
          [
              Element=google::protobuf::int64
          ] (compiling source file ..\lib\runtime\Protos.pb.cc)
  F:\project\newProject\HunanProject\frameworks\cocos2d-x\tools\simulator\libsimulator\lib\protobuf-lite\google/protobuf/repeated_field.h(777): note: see reference to class template instantiation 'google::protobuf::internal::ElementCopier<Element,false>' being compiled
          with
          [
              Element=google::protobuf::int64
          ] (compiling source file ..\lib\runtime\Protos.pb.cc)
  F:\project\newProject\HunanProject\frameworks\cocos2d-x\tools\simulator\libsimulator\lib\protobuf-lite\google/protobuf/repeated_field.h(776): note: while compiling class template member function 'void google::protobuf::RepeatedField<google::protobuf::int64>::CopyArray(Element [],const Element [],int)'
          with
          [
              Element=google::protobuf::int64
          ] (compiling source file ..\lib\runtime\Protos.pb.cc)
  F:\project\newProject\HunanProject\frameworks\cocos2d-x\tools\simulator\libsimulator\lib\protobuf-lite\google/protobuf/repeated_field.h(771): note: see reference to function template instantiation 'void google::protobuf::RepeatedField<google::protobuf::int64>::CopyArray(Element [],const Element [],int)' being compiled
          with
          [
              Element=google::protobuf::int64
          ] (compiling source file ..\lib\runtime\Protos.pb.cc)
  F:\project\newProject\HunanProject\frameworks\cocos2d-x\tools\simulator\libsimulator\lib\protobuf-lite\google/protobuf/repeated_field.h(770): note: while compiling class template member function 'void google::protobuf::RepeatedField<google::protobuf::int64>::MoveArray(Element [],Element [],int)'
          with
          [
              Element=google::protobuf::int64
          ] (compiling source file ..\lib\runtime\Protos.pb.cc)
  F:\project\newProject\HunanProject\frameworks\cocos2d-x\tools\simulator\libsimulator\lib\protobuf-lite\google/protobuf/repeated_field.h(757): note: see reference to function template instantiation 'void google::protobuf::RepeatedField<google::protobuf::int64>::MoveArray(Element [],Element [],int)' being compiled
          with
          [
              Element=google::protobuf::int64
          ] (compiling source file ..\lib\runtime\Protos.pb.cc)
  F:\project\newProject\HunanProject\frameworks\cocos2d-x\tools\simulator\libsimulator\lib\protobuf-lite\google/protobuf/repeated_field.h(749): note: while compiling class template member function 'void google::protobuf::RepeatedField<google::protobuf::int64>::Reserve(int)' (compiling source file ..\lib\runtime\Protos.pb.cc)
  F:\project\newProject\HunanProject\frameworks\cocos2d-x\tools\simulator\libsimulator\lib\protobuf-lite\google/protobuf/repeated_field.h(631): note: see reference to function template instantiation 'void google::protobuf::RepeatedField<google::protobuf::int64>::Reserve(int)' being compiled (compiling source file ..\lib\runtime\Protos.pb.cc)
  F:\project\newProject\HunanProject\frameworks\cocos2d-x\tools\simulator\libsimulator\lib\protobuf-lite\google/protobuf/repeated_field.h(590): note: while compiling class template member function 'int google::protobuf::RepeatedField<google::protobuf::int64>::size(void) const' (compiling source file ..\lib\runtime\Protos.pb.cc)
  F:\project\newProject\HunanProject\frameworks\cocos2d-x\tools\simulator\libsimulator\lib\protobuf-lite\google/protobuf/wire_format_lite_inl.h(269): note: see reference to function template instantiation 'int google::protobuf::RepeatedField<google::protobuf::int64>::size(void) const' being compiled (compiling source file ..\lib\runtime\Protos.pb.cc)
  F:\project\newProject\HunanProject\frameworks\cocos2d-x\tools\simulator\libsimulator\lib\protobuf-lite\google/protobuf/wire_format_lite_inl.h(250): note: see reference to class template instantiation 'google::protobuf::RepeatedField<google::protobuf::int64>' being compiled (compiling source file ..\lib\runtime\Protos.pb.cc)
  F:\project\newProject\HunanProject\frameworks\cocos2d-x\tools\simulator\libsimulator\lib\protobuf-lite\google/protobuf/wire_format_lite_inl.h(305): note: see reference to function template instantiation 'bool google::protobuf::internal::WireFormatLite::ReadRepeatedFixedSizePrimitive<google::protobuf::int64,google::protobuf::internal::WireFormatLite::TYPE_SFIXED64>(int,google::protobuf::uint32,google::protobuf::io::CodedInputStream *,google::protobuf::RepeatedField<google::protobuf::int64> *)' being compiled (compiling source file ..\lib\runtime\Protos.pb.cc)
  RuntimeProtocol.cpp
  Shine_png.cpp
  VisibleRect.cpp
..\lib\runtime\FileServer.cpp(144): warning C4477: 'fprintf' : format string '%s' requires an argument of type 'char *', but variadic argument 2 has type 'WCHAR *'
  ..\lib\runtime\FileServer.cpp(144): note: consider using '%ls' in the format string
  ..\lib\runtime\FileServer.cpp(144): note: consider using '%lls' in the format string
  ..\lib\runtime\FileServer.cpp(144): note: consider using '%Ls' in the format string
  ..\lib\runtime\FileServer.cpp(144): note: consider using '%ws' in the format string
  Runtime_win32.cpp
  stdafx.cpp
atomicops_internals_x86_gcc.obj : warning LNK4221: This object file does not define any previously undefined public symbols, so it will not be used by any link operation that consumes this library
PlayerUtils.obj : warning LNK4221: This object file does not define any previously undefined public symbols, so it will not be used by any link operation that consumes this library
  libsimulator.vcxproj -> F:\project\newProject\HunanProject\frameworks\runtime-src\proj.win32\Debug.win32\libsimulator.lib
